<?xml version="1.0" encoding="UTF-8"?>
<!-- Generated by org.testng.reporters.JUnitReportReporter -->
<testsuite skipped="0" hostname="MABUFARUQUE" name="test.LoginTest" tests="1" failures="0" timestamp="31 Dec 2022 01:15:46 GMT" time="2.155" errors="0">
  <testcase name="validUserShouldBeAbleToLogin" time="2.155" classname="test.LoginTest"/>
</testsuite> <!-- test.LoginTest -->
